{"/Users/allen/Desktop/Dominican University/Term 5/Javascript Libraries/final-project/breaking-news-api/src/news-api.ts": {"path":"/Users/allen/Desktop/Dominican University/Term 5/Javascript Libraries/final-project/breaking-news-api/src/news-api.ts","statementMap":{"0":{"start":{"line":1,"column":23},"end":{"line":1,"column":57}},"1":{"start":{"line":14,"column":22},"end":{"line":14,"column":145}},"2":{"start":{"line":15,"column":2},"end":{"line":15,"column":36}},"3":{"start":{"line":16,"column":2},"end":{"line":26,"column":3}},"4":{"start":{"line":17,"column":16},"end":{"line":17,"column":32}},"5":{"start":{"line":18,"column":4},"end":{"line":20,"column":5}},"6":{"start":{"line":19,"column":6},"end":{"line":19,"column":64}},"7":{"start":{"line":21,"column":31},"end":{"line":21,"column":47}},"8":{"start":{"line":22,"column":4},"end":{"line":22,"column":16}},"9":{"start":{"line":24,"column":4},"end":{"line":24,"column":50}},"10":{"start":{"line":25,"column":4},"end":{"line":25,"column":16}},"11":{"start":{"line":30,"column":22},"end":{"line":30,"column":106}},"12":{"start":{"line":31,"column":2},"end":{"line":31,"column":36}},"13":{"start":{"line":32,"column":2},"end":{"line":42,"column":3}},"14":{"start":{"line":33,"column":16},"end":{"line":33,"column":32}},"15":{"start":{"line":34,"column":4},"end":{"line":36,"column":5}},"16":{"start":{"line":35,"column":6},"end":{"line":35,"column":82}},"17":{"start":{"line":37,"column":31},"end":{"line":37,"column":47}},"18":{"start":{"line":38,"column":4},"end":{"line":38,"column":16}},"19":{"start":{"line":40,"column":4},"end":{"line":40,"column":68}},"20":{"start":{"line":41,"column":4},"end":{"line":41,"column":16}},"21":{"start":{"line":46,"column":22},"end":{"line":46,"column":146}},"22":{"start":{"line":47,"column":2},"end":{"line":47,"column":36}},"23":{"start":{"line":48,"column":2},"end":{"line":58,"column":3}},"24":{"start":{"line":49,"column":16},"end":{"line":49,"column":32}},"25":{"start":{"line":50,"column":4},"end":{"line":52,"column":5}},"26":{"start":{"line":51,"column":6},"end":{"line":51,"column":80}},"27":{"start":{"line":53,"column":31},"end":{"line":53,"column":47}},"28":{"start":{"line":54,"column":4},"end":{"line":54,"column":16}},"29":{"start":{"line":56,"column":4},"end":{"line":56,"column":66}},"30":{"start":{"line":57,"column":4},"end":{"line":57,"column":16}},"31":{"start":{"line":62,"column":22},"end":{"line":62,"column":147}},"32":{"start":{"line":63,"column":2},"end":{"line":63,"column":36}},"33":{"start":{"line":64,"column":2},"end":{"line":74,"column":3}},"34":{"start":{"line":65,"column":16},"end":{"line":65,"column":32}},"35":{"start":{"line":66,"column":4},"end":{"line":68,"column":5}},"36":{"start":{"line":67,"column":6},"end":{"line":67,"column":71}},"37":{"start":{"line":69,"column":31},"end":{"line":69,"column":47}},"38":{"start":{"line":70,"column":4},"end":{"line":70,"column":16}},"39":{"start":{"line":72,"column":4},"end":{"line":72,"column":57}},"40":{"start":{"line":73,"column":4},"end":{"line":73,"column":16}}},"fnMap":{"0":{"name":"getNews","decl":{"start":{"line":13,"column":16},"end":{"line":13,"column":23}},"loc":{"start":{"line":13,"column":111},"end":{"line":27,"column":1}},"line":13},"1":{"name":"getTopBusinessHeadlines","decl":{"start":{"line":29,"column":16},"end":{"line":29,"column":39}},"loc":{"start":{"line":29,"column":65},"end":{"line":43,"column":1}},"line":29},"2":{"name":"getNewsWithPopularity","decl":{"start":{"line":45,"column":16},"end":{"line":45,"column":37}},"loc":{"start":{"line":45,"column":109},"end":{"line":59,"column":1}},"line":45},"3":{"name":"getRecentNews","decl":{"start":{"line":61,"column":16},"end":{"line":61,"column":29}},"loc":{"start":{"line":61,"column":101},"end":{"line":75,"column":1}},"line":61}},"branchMap":{"0":{"loc":{"start":{"line":18,"column":4},"end":{"line":20,"column":5}},"type":"if","locations":[{"start":{"line":18,"column":4},"end":{"line":20,"column":5}},{"start":{},"end":{}}],"line":18},"1":{"loc":{"start":{"line":34,"column":4},"end":{"line":36,"column":5}},"type":"if","locations":[{"start":{"line":34,"column":4},"end":{"line":36,"column":5}},{"start":{},"end":{}}],"line":34},"2":{"loc":{"start":{"line":50,"column":4},"end":{"line":52,"column":5}},"type":"if","locations":[{"start":{"line":50,"column":4},"end":{"line":52,"column":5}},{"start":{},"end":{}}],"line":50},"3":{"loc":{"start":{"line":66,"column":4},"end":{"line":68,"column":5}},"type":"if","locations":[{"start":{"line":66,"column":4},"end":{"line":68,"column":5}},{"start":{},"end":{}}],"line":66}},"s":{"0":1,"1":2,"2":2,"3":2,"4":2,"5":2,"6":1,"7":1,"8":1,"9":1,"10":1,"11":1,"12":1,"13":1,"14":1,"15":1,"16":0,"17":1,"18":1,"19":0,"20":0,"21":0,"22":0,"23":0,"24":0,"25":0,"26":0,"27":0,"28":0,"29":0,"30":0,"31":0,"32":0,"33":0,"34":0,"35":0,"36":0,"37":0,"38":0,"39":0,"40":0},"f":{"0":2,"1":1,"2":0,"3":0},"b":{"0":[1,1],"1":[0,1],"2":[0,0],"3":[0,0]},"_coverageSchema":"1a1c01bbd47fc00a2c39e90264f33305004495a9","hash":"f7b4194a09cd59fca64e19738e233e19a145be0d"}
}
