TN:
SF:src/news-api.ts
FN:13,getNews
FN:29,getTopBusinessHeadlines
FN:45,getNewsWithPopularity
FN:61,getRecentNews
FNF:4
FNH:2
FNDA:2,getNews
FNDA:1,getTopBusinessHeadlines
FNDA:0,getNewsWithPopularity
FNDA:0,getRecentNews
DA:1,1
DA:14,2
DA:15,2
DA:16,2
DA:17,2
DA:18,2
DA:19,1
DA:21,1
DA:22,1
DA:24,1
DA:25,1
DA:30,1
DA:31,1
DA:32,1
DA:33,1
DA:34,1
DA:35,0
DA:37,1
DA:38,1
DA:40,0
DA:41,0
DA:46,0
DA:47,0
DA:48,0
DA:49,0
DA:50,0
DA:51,0
DA:53,0
DA:54,0
DA:56,0
DA:57,0
DA:62,0
DA:63,0
DA:64,0
DA:65,0
DA:66,0
DA:67,0
DA:69,0
DA:70,0
DA:72,0
DA:73,0
LF:41
LH:18
BRDA:18,0,0,1
BRDA:18,0,1,1
BRDA:34,1,0,0
BRDA:34,1,1,1
BRDA:50,2,0,0
BRDA:50,2,1,0
BRDA:66,3,0,0
BRDA:66,3,1,0
BRF:8
BRH:3
end_of_record
